<?xml version="1.0" encoding="UTF-8"?>
<!-- Generated by org.testng.reporters.JUnitXMLReporter -->
<testsuite ignored="0" hostname="BBLPT1102" failures="0" tests="3" name="HomePageTest" time="13.898" errors="0" timestamp="2025-11-11T11:21:16 IST">
  <testcase classname="com.qa.zepto.test.HomePageTest" name="GetHomepageTitle" time="0.297"/>
  <testcase classname="com.qa.zepto.test.HomePageTest" name="GetHomepageUrl" time="0.008"/>
  <testcase classname="com.qa.zepto.test.HomePageTest" name="Login" time="8.743"/>
</testsuite> <!-- HomePageTest -->
