<?xml version="1.0" encoding="UTF-8"?>
<!-- Generated by org.testng.reporters.JUnitXMLReporter -->
<testsuite ignored="0" hostname="BBLPT1102" failures="0" tests="4" name="SearchPageTest" time="15.569" errors="0" timestamp="2025-11-11T11:21:18 IST">
  <testcase classname="com.qa.zepto.test.SearchPageTest" name="GetSearchPageURL" time="0.006"/>
  <testcase classname="com.qa.zepto.test.SearchPageTest" name="SearchCall" time="3.851"/>
  <testcase classname="com.qa.zepto.test.SearchPageTest" name="SearchCall" time="2.025"/>
  <testcase classname="com.qa.zepto.test.SearchPageTest" name="SearchCall" time="2.033"/>
</testsuite> <!-- SearchPageTest -->
