<?xml version="1.0" encoding="UTF-8"?>
<!-- Generated by org.testng.reporters.JUnitXMLReporter -->
<testsuite ignored="0" hostname="BBLPT1102" failures="0" tests="3" name="Zepto HomePageTest" time="12.684" errors="0" timestamp="2025-11-10T13:15:23 IST">
  <testcase classname="com.qa.zepto.test.HomePageTest" name="GetHomepageTitle" time="0.042"/>
  <testcase classname="com.qa.zepto.test.HomePageTest" name="GetHomepageUrl" time="0.004"/>
  <testcase classname="com.qa.zepto.test.HomePageTest" name="Login" time="8.82"/>
</testsuite> <!-- Zepto HomePageTest -->
