<?xml version="1.0" encoding="UTF-8"?>
<!-- Generated by org.testng.reporters.JUnitXMLReporter -->
<testsuite ignored="0" hostname="BBLPT1102" failures="0" tests="4" name="Zepto SearchPageTest" time="13.07" errors="0" timestamp="2025-11-10T13:15:23 IST">
  <testcase classname="com.qa.zepto.test.SearchPageTest" name="GetSearchPageURL" time="0.003"/>
  <testcase classname="com.qa.zepto.test.SearchPageTest" name="SearchCall" time="3.721"/>
  <testcase classname="com.qa.zepto.test.SearchPageTest" name="SearchCall" time="2.21"/>
  <testcase classname="com.qa.zepto.test.SearchPageTest" name="SearchCall" time="2.12"/>
</testsuite> <!-- Zepto SearchPageTest -->
