<?xml version="1.0" encoding="UTF-8"?>
<!-- Generated by org.testng.reporters.JUnitReportReporter -->
<testsuite hostname="RagavSindhu" failures="0" tests="2" name="com.qa.zepto.test.LoginPageTest" time="2.981" errors="0" timestamp="2026-01-14T17:49:22 IST" skipped="0">
  <testcase classname="com.qa.zepto.test.LoginPageTest" name="performloginurl" time="2.979"/>
  <testcase classname="com.qa.zepto.test.LoginPageTest" name="loginurl" time="0.002"/>
</testsuite> <!-- com.qa.zepto.test.LoginPageTest -->
