<?xml version="1.0" encoding="UTF-8"?>
<!-- Generated by org.testng.reporters.JUnitReportReporter -->
<testsuite hostname="BBLPT1102" failures="0" tests="3" name="com.qa.zepto.test.HomePageTest" time="9.048" errors="0" timestamp="2025-11-11T11:21:18 IST" skipped="0">
  <testcase classname="com.qa.zepto.test.HomePageTest" name="GetHomepageUrl" time="0.008"/>
  <testcase classname="com.qa.zepto.test.HomePageTest" name="GetHomepageTitle" time="0.297"/>
  <testcase classname="com.qa.zepto.test.HomePageTest" name="Login" time="8.743"/>
</testsuite> <!-- com.qa.zepto.test.HomePageTest -->
