<?xml version="1.0" encoding="UTF-8"?>
<!-- Generated by org.testng.reporters.JUnitReportReporter -->
<testsuite hostname="BBLPT1102" failures="0" tests="2" name="com.qa.zepto.test.LoginPageTest" time="1.504" errors="0" timestamp="2025-11-12T14:10:34 IST" skipped="0">
  <testcase classname="com.qa.zepto.test.LoginPageTest" name="performloginurl" time="1.501"/>
  <testcase classname="com.qa.zepto.test.LoginPageTest" name="loginurl" time="0.003"/>
</testsuite> <!-- com.qa.zepto.test.LoginPageTest -->
