<?xml version="1.0" encoding="UTF-8"?>
<!-- Generated by org.testng.reporters.JUnitReportReporter -->
<testsuite hostname="BBLPT1102" failures="0" tests="3" name="com.qa.zepto.test.HomePageTest" time="8.224" errors="0" timestamp="2025-11-12T14:10:34 IST" skipped="0">
  <testcase classname="com.qa.zepto.test.HomePageTest" name="Login" time="8.196"/>
  <testcase classname="com.qa.zepto.test.HomePageTest" name="GetHomepageUrl" time="0.002"/>
  <testcase classname="com.qa.zepto.test.HomePageTest" name="GetHomepageTitle" time="0.026"/>
</testsuite> <!-- com.qa.zepto.test.HomePageTest -->
