<?xml version="1.0" encoding="UTF-8"?>
<!-- Generated by org.testng.reporters.JUnitReportReporter -->
<testsuite hostname="BBLPT1102" failures="0" tests="4" name="com.qa.zepto.test.SearchPageTest" time="6.086" errors="0" timestamp="2025-11-12T12:18:12 IST" skipped="0">
  <testcase classname="com.qa.zepto.test.SearchPageTest" name="SearchCall" time="2.060"/>
  <testcase classname="com.qa.zepto.test.SearchPageTest" name="SearchCall" time="2.012"/>
  <testcase classname="com.qa.zepto.test.SearchPageTest" name="GetSearchPageURL" time="0.002"/>
  <testcase classname="com.qa.zepto.test.SearchPageTest" name="SearchCall" time="2.012"/>
</testsuite> <!-- com.qa.zepto.test.SearchPageTest -->
