<?xml version="1.0" encoding="UTF-8"?>
<!-- Generated by org.testng.reporters.JUnitReportReporter -->
<testsuite hostname="RagavSindhu" failures="0" tests="2" name="com.qa.zepto.test.LoginPageTest" time="0.000" errors="0" timestamp="2026-01-28T23:02:46 IST" skipped="2">
  <testcase classname="com.qa.zepto.test.LoginPageTest" name="performloginurl" time="0.000">
    <skipped/>
  </testcase> <!-- performloginurl -->
  <testcase classname="com.qa.zepto.test.LoginPageTest" name="loginurl" time="0.000">
    <skipped/>
  </testcase> <!-- loginurl -->
</testsuite> <!-- com.qa.zepto.test.LoginPageTest -->
