<?xml version="1.0" encoding="UTF-8"?>
<!-- Generated by org.testng.reporters.JUnitReportReporter -->
<testsuite hostname="RagavSindhu" failures="0" tests="3" name="com.qa.zepto.test.HomePageTest" time="0.000" errors="0" timestamp="2026-01-28T23:02:46 IST" skipped="3">
  <testcase classname="com.qa.zepto.test.HomePageTest" name="GetHomepageTitle" time="0.000">
    <skipped/>
  </testcase> <!-- GetHomepageTitle -->
  <testcase classname="com.qa.zepto.test.HomePageTest" name="Login" time="0.000">
    <skipped/>
  </testcase> <!-- Login -->
  <testcase classname="com.qa.zepto.test.HomePageTest" name="GetHomepageUrl" time="0.000">
    <skipped/>
  </testcase> <!-- GetHomepageUrl -->
</testsuite> <!-- com.qa.zepto.test.HomePageTest -->
