<?xml version="1.0" encoding="UTF-8"?>
<!-- Generated by org.testng.reporters.JUnitReportReporter -->
<testsuite hostname="BBLPT1102" failures="0" tests="3" name="com.qa.zepto.test.HomePageTest" time="0.000" errors="0" timestamp="2025-11-10T16:28:41 IST" skipped="3">
  <testcase classname="com.qa.zepto.test.HomePageTest" name="GetHomepageTitle" time="0.000">
    <skipped/>
  </testcase> <!-- GetHomepageTitle -->
  <testcase classname="com.qa.zepto.test.HomePageTest" name="GetHomepageUrl" time="0.000">
    <skipped/>
  </testcase> <!-- GetHomepageUrl -->
  <testcase classname="com.qa.zepto.test.HomePageTest" name="Login" time="0.000">
    <skipped/>
  </testcase> <!-- Login -->
</testsuite> <!-- com.qa.zepto.test.HomePageTest -->
