<?xml version="1.0" encoding="UTF-8"?>
<!-- Generated by org.testng.reporters.JUnitReportReporter -->
<testsuite hostname="BBLPT1102" failures="0" tests="4" name="com.qa.zepto.test.SearchPageTest" time="0.000" errors="0" timestamp="2025-11-10T16:28:41 IST" skipped="4">
  <testcase classname="com.qa.zepto.test.SearchPageTest" name="SearchCall" time="0.000">
    <skipped/>
  </testcase> <!-- SearchCall -->
  <testcase classname="com.qa.zepto.test.SearchPageTest" name="GetSearchPageURL" time="0.000">
    <skipped/>
  </testcase> <!-- GetSearchPageURL -->
  <testcase classname="com.qa.zepto.test.SearchPageTest" name="SearchCall" time="0.000">
    <skipped/>
  </testcase> <!-- SearchCall -->
  <testcase classname="com.qa.zepto.test.SearchPageTest" name="SearchCall" time="0.000">
    <skipped/>
  </testcase> <!-- SearchCall -->
</testsuite> <!-- com.qa.zepto.test.SearchPageTest -->
