<?xml version="1.0" encoding="UTF-8"?>
<!-- Generated by org.testng.reporters.JUnitReportReporter -->
<testsuite hostname="BBLPT1102" failures="0" tests="2" name="com.qa.zepto.test.LoginPageTest" time="0.000" errors="0" timestamp="2025-11-10T16:28:41 IST" skipped="2">
  <testcase classname="com.qa.zepto.test.LoginPageTest" name="loginurl" time="0.000">
    <skipped/>
  </testcase> <!-- loginurl -->
  <testcase classname="com.qa.zepto.test.LoginPageTest" name="performloginurl" time="0.000">
    <skipped/>
  </testcase> <!-- performloginurl -->
</testsuite> <!-- com.qa.zepto.test.LoginPageTest -->
