<?xml version="1.0" encoding="UTF-8"?>
<!-- Generated by org.testng.reporters.JUnitReportReporter -->
<testsuite hostname="RagavSindhu" failures="0" tests="4" name="com.qa.zepto.test.SearchPageTest" time="0.000" errors="0" timestamp="2026-01-28T23:02:46 IST" skipped="4">
  <testcase classname="com.qa.zepto.test.SearchPageTest" name="SearchCall" time="0.000">
    <skipped/>
  </testcase> <!-- SearchCall -->
  <testcase classname="com.qa.zepto.test.SearchPageTest" name="SearchCall" time="0.000">
    <skipped/>
  </testcase> <!-- SearchCall -->
  <testcase classname="com.qa.zepto.test.SearchPageTest" name="SearchCall" time="0.000">
    <skipped/>
  </testcase> <!-- SearchCall -->
  <testcase classname="com.qa.zepto.test.SearchPageTest" name="GetSearchPageURL" time="0.000">
    <skipped/>
  </testcase> <!-- GetSearchPageURL -->
</testsuite> <!-- com.qa.zepto.test.SearchPageTest -->
