<?xml version="1.0" encoding="UTF-8"?>
<!-- Generated by org.testng.reporters.JUnitXMLReporter -->
<testsuite ignored="0" hostname="BBLPT1102" failures="0" tests="3" name="Home Page Tests" time="17.135" errors="0" timestamp="2025-11-12T12:18:12 IST">
  <testcase classname="com.qa.zepto.test.HomePageTest" name="GetHomepageTitle" time="0.089"/>
  <testcase classname="com.qa.zepto.test.HomePageTest" name="GetHomepageUrl" time="0.006"/>
  <testcase classname="com.qa.zepto.test.HomePageTest" name="Login" time="8.294"/>
</testsuite> <!-- Home Page Tests -->
