<?xml version="1.0" encoding="UTF-8"?>
<!-- Generated by org.testng.reporters.JUnitXMLReporter -->
<testsuite ignored="0" hostname="RagavSindhu" failures="0" tests="4" name="Search Page Test" time="14.58" errors="0" timestamp="2026-01-14T17:49:21 IST">
  <testcase classname="com.qa.zepto.test.SearchPageTest" name="GetSearchPageURL" time="0.001"/>
  <testcase classname="com.qa.zepto.test.SearchPageTest" name="SearchCall" time="2.182"/>
  <testcase classname="com.qa.zepto.test.SearchPageTest" name="SearchCall" time="2.043"/>
  <testcase classname="com.qa.zepto.test.SearchPageTest" name="SearchCall" time="2.027"/>
</testsuite> <!-- Search Page Test -->
