<?xml version="1.0" encoding="UTF-8"?>
<!-- Generated by org.testng.reporters.JUnitXMLReporter -->
<testsuite ignored="0" hostname="BBLPT1102" failures="0" tests="4" name="Search Page Test" time="17.339" errors="0" timestamp="2025-11-12T12:18:12 IST">
  <testcase classname="com.qa.zepto.test.SearchPageTest" name="GetSearchPageURL" time="0.002"/>
  <testcase classname="com.qa.zepto.test.SearchPageTest" name="SearchCall" time="2.06"/>
  <testcase classname="com.qa.zepto.test.SearchPageTest" name="SearchCall" time="2.012"/>
  <testcase classname="com.qa.zepto.test.SearchPageTest" name="SearchCall" time="2.012"/>
</testsuite> <!-- Search Page Test -->
