<?xml version="1.0" encoding="UTF-8"?>
<testsuite xmlns:xsi="http://www.w3.org/2001/XMLSchema-instance" xsi:noNamespaceSchemaLocation="https://maven.apache.org/surefire/maven-surefire-plugin/xsd/surefire-test-report-3.0.xsd" version="3.0" name="TestSuite" time="0.824" tests="12" errors="0" skipped="11" failures="1">
  <properties>
[...]
</properties>
  <testcase name="setup" classname="com.qa.zepto.base.BaseTest" time="0.54">
    <failure message="&#10;Parameter &apos;baseURLKey&apos; is required by BeforeTest on method setup but has not been marked @Optional or defined&#10;" type="org.testng.TestNGException"><![CDATA[org.testng.TestNGException: 

Parameter 'baseURLKey' is required by BeforeTest on method setup but has not been marked @Optional or defined

	at org.testng.internal.Parameters.createParams(Parameters.java:264)
	at org.testng.internal.Parameters.createParametersForMethod(Parameters.java:352)
	at org.testng.internal.Parameters.createParameters(Parameters.java:690)
	at org.testng.internal.Parameters.createConfigurationParameters(Parameters.java:163)
	at org.testng.internal.invokers.ConfigInvoker.invokeConfigurations(ConfigInvoker.java:313)
	at org.testng.TestRunner.invokeTestConfigurations(TestRunner.java:655)
	at org.testng.TestRunner.beforeRun(TestRunner.java:644)
	at org.testng.TestRunner.run(TestRunner.java:610)
	at org.testng.SuiteRunner.runTest(SuiteRunner.java:421)
	at org.testng.SuiteRunner.runSequentially(SuiteRunner.java:413)
	at org.testng.SuiteRunner.privateRun(SuiteRunner.java:373)
	at org.testng.SuiteRunner.run(SuiteRunner.java:312)
	at org.testng.SuiteRunnerWorker.runSuite(SuiteRunnerWorker.java:52)
	at org.testng.SuiteRunnerWorker.run(SuiteRunnerWorker.java:95)
	at org.testng.TestNG.runSuitesSequentially(TestNG.java:1274)
	at org.testng.TestNG.runSuitesLocally(TestNG.java:1208)
	at org.testng.TestNG.runSuites(TestNG.java:1112)
	at org.testng.TestNG.run(TestNG.java:1079)
	at org.apache.maven.surefire.testng.TestNGExecutor.run(TestNGExecutor.java:155)
	at org.apache.maven.surefire.testng.TestNGDirectoryTestSuite.executeMulti(TestNGDirectoryTestSuite.java:169)
	at org.apache.maven.surefire.testng.TestNGDirectoryTestSuite.execute(TestNGDirectoryTestSuite.java:88)
	at org.apache.maven.surefire.testng.TestNGProvider.invoke(TestNGProvider.java:137)
	at org.apache.maven.surefire.booter.ForkedBooter.runSuitesInProcess(ForkedBooter.java:385)
	at org.apache.maven.surefire.booter.ForkedBooter.execute(ForkedBooter.java:162)
	at org.apache.maven.surefire.booter.ForkedBooter.run(ForkedBooter.java:507)
	at org.apache.maven.surefire.booter.ForkedBooter.main(ForkedBooter.java:495)
]]></failure>
    <system-err><![CDATA[SLF4J: Failed to load class "org.slf4j.impl.StaticLoggerBinder".
SLF4J: Defaulting to no-operation (NOP) logger implementation
SLF4J: See http://www.slf4j.org/codes.html#StaticLoggerBinder for further details.
]]></system-err>
  </testcase>
  <testcase name="TearDown" classname="com.qa.zepto.base.BaseTest" time="0.0">
    <skipped/>
  </testcase>
  <testcase name="GetHomepageTitle" classname="com.qa.zepto.test.HomePageTest" time="0.0">
    <skipped message="&#10;Parameter &apos;baseURLKey&apos; is required by BeforeTest on method setup but has not been marked @Optional or defined&#10;"/>
  </testcase>
  <testcase name="GetHomepageUrl" classname="com.qa.zepto.test.HomePageTest" time="0.0">
    <skipped message="&#10;Parameter &apos;baseURLKey&apos; is required by BeforeTest on method setup but has not been marked @Optional or defined&#10;"/>
  </testcase>
  <testcase name="Login" classname="com.qa.zepto.test.HomePageTest" time="0.0">
    <skipped message="&#10;Parameter &apos;baseURLKey&apos; is required by BeforeTest on method setup but has not been marked @Optional or defined&#10;"/>
  </testcase>
  <testcase name="getPageurl" classname="com.qa.zepto.test.LandingPageTest" time="0.0">
    <skipped message="&#10;Parameter &apos;baseURLKey&apos; is required by BeforeTest on method setup but has not been marked @Optional or defined&#10;"/>
  </testcase>
  <testcase name="loginurl" classname="com.qa.zepto.test.LoginPageTest" time="0.0">
    <skipped message="&#10;Parameter &apos;baseURLKey&apos; is required by BeforeTest on method setup but has not been marked @Optional or defined&#10;"/>
  </testcase>
  <testcase name="performloginurl" classname="com.qa.zepto.test.LoginPageTest" time="0.0">
    <skipped message="&#10;Parameter &apos;baseURLKey&apos; is required by BeforeTest on method setup but has not been marked @Optional or defined&#10;"/>
  </testcase>
  <testcase name="GetSearchPageURL" classname="com.qa.zepto.test.SearchPageTest" time="0.0">
    <skipped message="&#10;Parameter &apos;baseURLKey&apos; is required by BeforeTest on method setup but has not been marked @Optional or defined&#10;"/>
  </testcase>
  <testcase name="SearchCall[shirt](1)" classname="com.qa.zepto.test.SearchPageTest" time="0.0">
    <skipped message="&#10;Parameter &apos;baseURLKey&apos; is required by BeforeTest on method setup but has not been marked @Optional or defined&#10;"/>
  </testcase>
  <testcase name="SearchCall[pant](2)" classname="com.qa.zepto.test.SearchPageTest" time="0.0">
    <skipped message="&#10;Parameter &apos;baseURLKey&apos; is required by BeforeTest on method setup but has not been marked @Optional or defined&#10;"/>
  </testcase>
  <testcase name="SearchCall[kurta](3)" classname="com.qa.zepto.test.SearchPageTest" time="0.0">
    <skipped message="&#10;Parameter &apos;baseURLKey&apos; is required by BeforeTest on method setup but has not been marked @Optional or defined&#10;"/>
  </testcase>
</testsuite>