<?xml version="1.0" encoding="UTF-8"?>
<!-- Generated by org.testng.reporters.JUnitXMLReporter -->
<testsuite ignored="8" hostname="BBLPT1102" failures="0" tests="10" name="Surefire test" time="0.074" errors="0" timestamp="2025-11-10T16:28:40 IST">
  <testcase classname="com.qa.zepto.base.BaseTest" name="@BeforeTest setup" time="-1.762772320807E9">
    <failure type="org.testng.TestNGException" message="
Parameter &amp;apos;baseURLKey&amp;apos; is required by BeforeTest on method setup but has not been marked @Optional or defined
">
      <![CDATA[org.testng.TestNGException: 
Parameter 'baseURLKey' is required by BeforeTest on method setup but has not been marked @Optional or defined

... Removed 26 stack frames]]>
    </failure>
  </testcase> <!-- @BeforeTest setup -->
  <testcase classname="com.qa.zepto.base.BaseTest" name="@AfterTest TearDown" time="0.0">
    <skipped/>
  </testcase> <!-- @AfterTest TearDown -->
  <testcase classname="com.qa.zepto.test.HomePageTest" name="GetHomepageTitle" time="0.0">
    <skipped/>
  </testcase> <!-- GetHomepageTitle -->
  <testcase classname="com.qa.zepto.test.HomePageTest" name="GetHomepageUrl" time="0.0">
    <skipped/>
  </testcase> <!-- GetHomepageUrl -->
  <testcase classname="com.qa.zepto.test.HomePageTest" name="Login" time="0.0">
    <skipped/>
  </testcase> <!-- Login -->
  <testcase classname="com.qa.zepto.test.SearchPageTest" name="GetSearchPageURL" time="0.0">
    <skipped/>
  </testcase> <!-- GetSearchPageURL -->
  <testcase classname="com.qa.zepto.test.SearchPageTest" name="SearchCall" time="0.0">
    <skipped/>
  </testcase> <!-- SearchCall -->
  <testcase classname="com.qa.zepto.test.SearchPageTest" name="SearchCall" time="0.0">
    <skipped/>
  </testcase> <!-- SearchCall -->
  <testcase classname="com.qa.zepto.test.SearchPageTest" name="SearchCall" time="0.0">
    <skipped/>
  </testcase> <!-- SearchCall -->
  <testcase classname="com.qa.zepto.test.LoginPageTest" name="loginurl" time="0.0">
    <skipped/>
  </testcase> <!-- loginurl -->
  <testcase classname="com.qa.zepto.test.LoginPageTest" name="performloginurl" time="0.0">
    <skipped/>
  </testcase> <!-- performloginurl -->
  <testcase classname="com.qa.zepto.test.LandingPageTest" name="getPageurl" time="0.0">
    <skipped/>
  </testcase> <!-- getPageurl -->
  <testcase classname="com.qa.zepto.base.BaseTest" name="@BeforeTest setup" time="0.0">
    <ignored/>
  </testcase> <!-- @BeforeTest setup -->
  <testcase classname="com.qa.zepto.base.BaseTest" name="@BeforeTest setup" time="0.0">
    <ignored/>
  </testcase> <!-- @BeforeTest setup -->
  <testcase classname="com.qa.zepto.base.BaseTest" name="@BeforeTest setup" time="0.0">
    <ignored/>
  </testcase> <!-- @BeforeTest setup -->
  <testcase classname="com.qa.zepto.base.BaseTest" name="@AfterTest TearDown" time="0.0">
    <ignored/>
  </testcase> <!-- @AfterTest TearDown -->
  <testcase classname="com.qa.zepto.base.BaseTest" name="@AfterTest TearDown" time="0.0">
    <ignored/>
  </testcase> <!-- @AfterTest TearDown -->
  <testcase classname="com.qa.zepto.base.BaseTest" name="@AfterTest TearDown" time="0.0">
    <ignored/>
  </testcase> <!-- @AfterTest TearDown -->
  <testcase classname="com.qa.zepto.base.BaseTest" name="@AfterTest TearDown" time="0.0">
    <ignored/>
  </testcase> <!-- @AfterTest TearDown -->
  <testcase classname="com.qa.zepto.base.BaseTest" name="@BeforeTest setup" time="0.0">
    <ignored/>
  </testcase> <!-- @BeforeTest setup -->
</testsuite> <!-- Surefire test -->
