<?xml version="1.0" encoding="UTF-8"?>
<testng-results ignored="0" total="10" passed="10" failed="0" skipped="0">
  <reporter-output>
  </reporter-output>
  <suite started-at="2026-01-14T17:49:06 IST" name="Regression PW Suite" finished-at="2026-01-14T17:49:22 IST" duration-ms="15757">
    <groups>
    </groups>
    <test started-at="2026-01-14T17:49:06 IST" name="Landing Page Test" finished-at="2026-01-14T17:49:13 IST" duration-ms="7240">
      <class name="com.qa.zepto.test.LandingPageTest">
        <test-method is-config="true" signature="setup(java.lang.String)[pri:0, instance:com.qa.zepto.test.LandingPageTest@253d9f73]" started-at="2026-01-14T17:49:06 IST" name="setup" finished-at="2026-01-14T17:49:11 IST" duration-ms="5501" status="PASS">
          <params>
            <param index="0">
              <value>
                <![CDATA[url-LandingPage]]>
              </value>
            </param>
          </params>
          <reporter-output>
          </reporter-output>
        </test-method> <!-- setup -->
        <test-method signature="getPageurl()[pri:0, instance:com.qa.zepto.test.LandingPageTest@253d9f73]" started-at="2026-01-14T17:49:12 IST" name="getPageurl" finished-at="2026-01-14T17:49:12 IST" duration-ms="9" status="PASS">
          <reporter-output>
          </reporter-output>
        </test-method> <!-- getPageurl -->
        <test-method is-config="true" signature="TearDown()[pri:0, instance:com.qa.zepto.test.LandingPageTest@253d9f73]" started-at="2026-01-14T17:49:12 IST" name="TearDown" finished-at="2026-01-14T17:49:13 IST" duration-ms="1686" status="PASS">
          <reporter-output>
          </reporter-output>
        </test-method> <!-- TearDown -->
      </class> <!-- com.qa.zepto.test.LandingPageTest -->
    </test> <!-- Landing Page Test -->
    <test started-at="2026-01-14T17:49:06 IST" name="Login Page Tests" finished-at="2026-01-14T17:49:16 IST" duration-ms="9687">
      <class name="com.qa.zepto.test.LoginPageTest">
        <test-method is-config="true" signature="setup(java.lang.String)[pri:0, instance:com.qa.zepto.test.LoginPageTest@176b3f44]" started-at="2026-01-14T17:49:06 IST" name="setup" finished-at="2026-01-14T17:49:12 IST" duration-ms="6133" status="PASS">
          <params>
            <param index="0">
              <value>
                <![CDATA[url-LoginPage]]>
              </value>
            </param>
          </params>
          <reporter-output>
          </reporter-output>
        </test-method> <!-- setup -->
        <test-method signature="loginurl()[pri:0, instance:com.qa.zepto.test.LoginPageTest@176b3f44]" started-at="2026-01-14T17:49:12 IST" name="loginurl" finished-at="2026-01-14T17:49:12 IST" duration-ms="2" status="PASS">
          <reporter-output>
          </reporter-output>
        </test-method> <!-- loginurl -->
        <test-method signature="performloginurl()[pri:0, instance:com.qa.zepto.test.LoginPageTest@176b3f44]" started-at="2026-01-14T17:49:12 IST" name="performloginurl" finished-at="2026-01-14T17:49:15 IST" duration-ms="2979" status="PASS">
          <reporter-output>
          </reporter-output>
        </test-method> <!-- performloginurl -->
        <test-method is-config="true" signature="TearDown()[pri:0, instance:com.qa.zepto.test.LoginPageTest@176b3f44]" started-at="2026-01-14T17:49:15 IST" name="TearDown" finished-at="2026-01-14T17:49:16 IST" duration-ms="559" status="PASS">
          <reporter-output>
          </reporter-output>
        </test-method> <!-- TearDown -->
      </class> <!-- com.qa.zepto.test.LoginPageTest -->
    </test> <!-- Login Page Tests -->
    <test started-at="2026-01-14T17:49:06 IST" name="Search Page Test" finished-at="2026-01-14T17:49:21 IST" duration-ms="14580">
      <class name="com.qa.zepto.test.SearchPageTest">
        <test-method is-config="true" signature="setup(java.lang.String)[pri:0, instance:com.qa.zepto.test.SearchPageTest@5adb0db3]" started-at="2026-01-14T17:49:06 IST" name="setup" finished-at="2026-01-14T17:49:14 IST" duration-ms="7805" status="PASS">
          <params>
            <param index="0">
              <value>
                <![CDATA[url-SearchPage]]>
              </value>
            </param>
          </params>
          <reporter-output>
          </reporter-output>
        </test-method> <!-- setup -->
        <test-method signature="GetSearchPageURL()[pri:0, instance:com.qa.zepto.test.SearchPageTest@5adb0db3]" started-at="2026-01-14T17:49:14 IST" name="GetSearchPageURL" finished-at="2026-01-14T17:49:14 IST" duration-ms="1" status="PASS">
          <reporter-output>
          </reporter-output>
        </test-method> <!-- GetSearchPageURL -->
        <test-method signature="SearchCall(java.lang.String)[pri:0, instance:com.qa.zepto.test.SearchPageTest@5adb0db3]" started-at="2026-01-14T17:49:14 IST" name="SearchCall" data-provider="PutData" finished-at="2026-01-14T17:49:16 IST" duration-ms="2182" status="PASS">
          <params>
            <param index="0">
              <value>
                <![CDATA[shirt]]>
              </value>
            </param>
          </params>
          <reporter-output>
          </reporter-output>
        </test-method> <!-- SearchCall -->
        <test-method signature="SearchCall(java.lang.String)[pri:0, instance:com.qa.zepto.test.SearchPageTest@5adb0db3]" started-at="2026-01-14T17:49:16 IST" name="SearchCall" data-provider="PutData" finished-at="2026-01-14T17:49:18 IST" duration-ms="2043" status="PASS">
          <params>
            <param index="0">
              <value>
                <![CDATA[pant]]>
              </value>
            </param>
          </params>
          <reporter-output>
          </reporter-output>
        </test-method> <!-- SearchCall -->
        <test-method signature="SearchCall(java.lang.String)[pri:0, instance:com.qa.zepto.test.SearchPageTest@5adb0db3]" started-at="2026-01-14T17:49:18 IST" name="SearchCall" data-provider="PutData" finished-at="2026-01-14T17:49:20 IST" duration-ms="2027" status="PASS">
          <params>
            <param index="0">
              <value>
                <![CDATA[kurta]]>
              </value>
            </param>
          </params>
          <reporter-output>
          </reporter-output>
        </test-method> <!-- SearchCall -->
        <test-method is-config="true" signature="TearDown()[pri:0, instance:com.qa.zepto.test.SearchPageTest@5adb0db3]" started-at="2026-01-14T17:49:20 IST" name="TearDown" finished-at="2026-01-14T17:49:21 IST" duration-ms="505" status="PASS">
          <reporter-output>
          </reporter-output>
        </test-method> <!-- TearDown -->
      </class> <!-- com.qa.zepto.test.SearchPageTest -->
    </test> <!-- Search Page Test -->
    <test started-at="2026-01-14T17:49:06 IST" name="Home Page Tests" finished-at="2026-01-14T17:49:22 IST" duration-ms="15757">
      <class name="com.qa.zepto.test.HomePageTest">
        <test-method is-config="true" signature="setup(java.lang.String)[pri:0, instance:com.qa.zepto.test.HomePageTest@22356acd]" started-at="2026-01-14T17:49:06 IST" name="setup" finished-at="2026-01-14T17:49:13 IST" duration-ms="6751" status="PASS">
          <params>
            <param index="0">
              <value>
                <![CDATA[url-HomePage]]>
              </value>
            </param>
          </params>
          <reporter-output>
          </reporter-output>
        </test-method> <!-- setup -->
        <test-method signature="GetHomepageTitle()[pri:0, instance:com.qa.zepto.test.HomePageTest@22356acd]" started-at="2026-01-14T17:49:13 IST" name="GetHomepageTitle" finished-at="2026-01-14T17:49:13 IST" duration-ms="74" status="PASS">
          <reporter-output>
          </reporter-output>
        </test-method> <!-- GetHomepageTitle -->
        <test-method signature="GetHomepageUrl()[pri:0, instance:com.qa.zepto.test.HomePageTest@22356acd]" started-at="2026-01-14T17:49:13 IST" name="GetHomepageUrl" finished-at="2026-01-14T17:49:13 IST" duration-ms="3" status="PASS">
          <reporter-output>
          </reporter-output>
        </test-method> <!-- GetHomepageUrl -->
        <test-method signature="Login()[pri:0, instance:com.qa.zepto.test.HomePageTest@22356acd]" started-at="2026-01-14T17:49:13 IST" name="Login" finished-at="2026-01-14T17:49:21 IST" duration-ms="8445" status="PASS">
          <reporter-output>
          </reporter-output>
        </test-method> <!-- Login -->
        <test-method is-config="true" signature="TearDown()[pri:0, instance:com.qa.zepto.test.HomePageTest@22356acd]" started-at="2026-01-14T17:49:21 IST" name="TearDown" finished-at="2026-01-14T17:49:22 IST" duration-ms="467" status="PASS">
          <reporter-output>
          </reporter-output>
        </test-method> <!-- TearDown -->
      </class> <!-- com.qa.zepto.test.HomePageTest -->
    </test> <!-- Home Page Tests -->
  </suite> <!-- Regression PW Suite -->
</testng-results>
