<?xml version="1.0" encoding="UTF-8"?>
<testng-results ignored="0" total="10" passed="10" failed="0" skipped="0">
  <reporter-output>
  </reporter-output>
  <suite started-at="2025-11-12T14:10:21 IST" name="Regression PW Suite" finished-at="2025-11-12T14:10:34 IST" duration-ms="13244">
    <groups>
    </groups>
    <test started-at="2025-11-12T14:10:21 IST" name="Landing Page Test" finished-at="2025-11-12T14:10:28 IST" duration-ms="7324">
      <class name="com.qa.zepto.test.LandingPageTest">
        <test-method is-config="true" signature="setup(java.lang.String)[pri:0, instance:com.qa.zepto.test.LandingPageTest@7a8c8dcf]" started-at="2025-11-12T14:10:21 IST" name="setup" finished-at="2025-11-12T14:10:28 IST" duration-ms="6841" status="PASS">
          <params>
            <param index="0">
              <value>
                <![CDATA[url-LandingPage]]>
              </value>
            </param>
          </params>
          <reporter-output>
          </reporter-output>
        </test-method> <!-- setup -->
        <test-method signature="getPageurl()[pri:0, instance:com.qa.zepto.test.LandingPageTest@7a8c8dcf]" started-at="2025-11-12T14:10:28 IST" name="getPageurl" finished-at="2025-11-12T14:10:28 IST" duration-ms="6" status="PASS">
          <reporter-output>
          </reporter-output>
        </test-method> <!-- getPageurl -->
        <test-method is-config="true" signature="TearDown()[pri:0, instance:com.qa.zepto.test.LandingPageTest@7a8c8dcf]" started-at="2025-11-12T14:10:28 IST" name="TearDown" finished-at="2025-11-12T14:10:28 IST" duration-ms="441" status="PASS">
          <reporter-output>
          </reporter-output>
        </test-method> <!-- TearDown -->
      </class> <!-- com.qa.zepto.test.LandingPageTest -->
    </test> <!-- Landing Page Test -->
    <test started-at="2025-11-12T14:10:21 IST" name="Login Page Tests" finished-at="2025-11-12T14:10:29 IST" duration-ms="7621">
      <class name="com.qa.zepto.test.LoginPageTest">
        <test-method is-config="true" signature="setup(java.lang.String)[pri:0, instance:com.qa.zepto.test.LoginPageTest@233795b6]" started-at="2025-11-12T14:10:21 IST" name="setup" finished-at="2025-11-12T14:10:27 IST" duration-ms="5980" status="PASS">
          <params>
            <param index="0">
              <value>
                <![CDATA[url-LoginPage]]>
              </value>
            </param>
          </params>
          <reporter-output>
          </reporter-output>
        </test-method> <!-- setup -->
        <test-method signature="loginurl()[pri:0, instance:com.qa.zepto.test.LoginPageTest@233795b6]" started-at="2025-11-12T14:10:27 IST" name="loginurl" finished-at="2025-11-12T14:10:27 IST" duration-ms="3" status="PASS">
          <reporter-output>
          </reporter-output>
        </test-method> <!-- loginurl -->
        <test-method signature="performloginurl()[pri:0, instance:com.qa.zepto.test.LoginPageTest@233795b6]" started-at="2025-11-12T14:10:27 IST" name="performloginurl" finished-at="2025-11-12T14:10:29 IST" duration-ms="1501" status="PASS">
          <reporter-output>
          </reporter-output>
        </test-method> <!-- performloginurl -->
        <test-method is-config="true" signature="TearDown()[pri:0, instance:com.qa.zepto.test.LoginPageTest@233795b6]" started-at="2025-11-12T14:10:29 IST" name="TearDown" finished-at="2025-11-12T14:10:29 IST" duration-ms="101" status="PASS">
          <reporter-output>
          </reporter-output>
        </test-method> <!-- TearDown -->
      </class> <!-- com.qa.zepto.test.LoginPageTest -->
    </test> <!-- Login Page Tests -->
    <test started-at="2025-11-12T14:10:21 IST" name="Home Page Tests" finished-at="2025-11-12T14:10:33 IST" duration-ms="12026">
      <class name="com.qa.zepto.test.HomePageTest">
        <test-method is-config="true" signature="setup(java.lang.String)[pri:0, instance:com.qa.zepto.test.HomePageTest@71d44a3]" started-at="2025-11-12T14:10:21 IST" name="setup" finished-at="2025-11-12T14:10:25 IST" duration-ms="3666" status="PASS">
          <params>
            <param index="0">
              <value>
                <![CDATA[url-HomePage]]>
              </value>
            </param>
          </params>
          <reporter-output>
          </reporter-output>
        </test-method> <!-- setup -->
        <test-method signature="GetHomepageTitle()[pri:0, instance:com.qa.zepto.test.HomePageTest@71d44a3]" started-at="2025-11-12T14:10:25 IST" name="GetHomepageTitle" finished-at="2025-11-12T14:10:25 IST" duration-ms="26" status="PASS">
          <reporter-output>
          </reporter-output>
        </test-method> <!-- GetHomepageTitle -->
        <test-method signature="GetHomepageUrl()[pri:0, instance:com.qa.zepto.test.HomePageTest@71d44a3]" started-at="2025-11-12T14:10:25 IST" name="GetHomepageUrl" finished-at="2025-11-12T14:10:25 IST" duration-ms="2" status="PASS">
          <reporter-output>
          </reporter-output>
        </test-method> <!-- GetHomepageUrl -->
        <test-method signature="Login()[pri:0, instance:com.qa.zepto.test.HomePageTest@71d44a3]" started-at="2025-11-12T14:10:25 IST" name="Login" finished-at="2025-11-12T14:10:33 IST" duration-ms="8196" status="PASS">
          <reporter-output>
          </reporter-output>
        </test-method> <!-- Login -->
        <test-method is-config="true" signature="TearDown()[pri:0, instance:com.qa.zepto.test.HomePageTest@71d44a3]" started-at="2025-11-12T14:10:33 IST" name="TearDown" finished-at="2025-11-12T14:10:33 IST" duration-ms="71" status="PASS">
          <reporter-output>
          </reporter-output>
        </test-method> <!-- TearDown -->
      </class> <!-- com.qa.zepto.test.HomePageTest -->
    </test> <!-- Home Page Tests -->
    <test started-at="2025-11-12T14:10:21 IST" name="Search Page Test" finished-at="2025-11-12T14:10:34 IST" duration-ms="13244">
      <class name="com.qa.zepto.test.SearchPageTest">
        <test-method is-config="true" signature="setup(java.lang.String)[pri:0, instance:com.qa.zepto.test.SearchPageTest@2cd76f31]" started-at="2025-11-12T14:10:21 IST" name="setup" finished-at="2025-11-12T14:10:28 IST" duration-ms="6761" status="PASS">
          <params>
            <param index="0">
              <value>
                <![CDATA[url-SearchPage]]>
              </value>
            </param>
          </params>
          <reporter-output>
          </reporter-output>
        </test-method> <!-- setup -->
        <test-method signature="GetSearchPageURL()[pri:0, instance:com.qa.zepto.test.SearchPageTest@2cd76f31]" started-at="2025-11-12T14:10:28 IST" name="GetSearchPageURL" finished-at="2025-11-12T14:10:28 IST" duration-ms="5" status="PASS">
          <reporter-output>
          </reporter-output>
        </test-method> <!-- GetSearchPageURL -->
        <test-method signature="SearchCall(java.lang.String)[pri:0, instance:com.qa.zepto.test.SearchPageTest@2cd76f31]" started-at="2025-11-12T14:10:28 IST" name="SearchCall" data-provider="PutData" finished-at="2025-11-12T14:10:30 IST" duration-ms="2340" status="PASS">
          <params>
            <param index="0">
              <value>
                <![CDATA[shirt]]>
              </value>
            </param>
          </params>
          <reporter-output>
          </reporter-output>
        </test-method> <!-- SearchCall -->
        <test-method signature="SearchCall(java.lang.String)[pri:0, instance:com.qa.zepto.test.SearchPageTest@2cd76f31]" started-at="2025-11-12T14:10:30 IST" name="SearchCall" data-provider="PutData" finished-at="2025-11-12T14:10:32 IST" duration-ms="2013" status="PASS">
          <params>
            <param index="0">
              <value>
                <![CDATA[pant]]>
              </value>
            </param>
          </params>
          <reporter-output>
          </reporter-output>
        </test-method> <!-- SearchCall -->
        <test-method signature="SearchCall(java.lang.String)[pri:0, instance:com.qa.zepto.test.SearchPageTest@2cd76f31]" started-at="2025-11-12T14:10:32 IST" name="SearchCall" data-provider="PutData" finished-at="2025-11-12T14:10:34 IST" duration-ms="2011" status="PASS">
          <params>
            <param index="0">
              <value>
                <![CDATA[kurta]]>
              </value>
            </param>
          </params>
          <reporter-output>
          </reporter-output>
        </test-method> <!-- SearchCall -->
        <test-method is-config="true" signature="TearDown()[pri:0, instance:com.qa.zepto.test.SearchPageTest@2cd76f31]" started-at="2025-11-12T14:10:34 IST" name="TearDown" finished-at="2025-11-12T14:10:34 IST" duration-ms="62" status="PASS">
          <reporter-output>
          </reporter-output>
        </test-method> <!-- TearDown -->
      </class> <!-- com.qa.zepto.test.SearchPageTest -->
    </test> <!-- Search Page Test -->
  </suite> <!-- Regression PW Suite -->
</testng-results>
