<?xml version="1.0" encoding="UTF-8"?>
<!-- Generated by org.testng.reporters.JUnitXMLReporter -->
<testsuite ignored="0" hostname="RagavSindhu" failures="0" tests="3" name="Home Page Tests" time="21.585" errors="0" timestamp="2026-02-04T12:33:48 IST">
  <testcase classname="com.qa.zepto.test.HomePageTest" name="GetHomepageTitle" time="0.065"/>
  <testcase classname="com.qa.zepto.test.HomePageTest" name="GetHomepageUrl" time="0.002"/>
  <testcase classname="com.qa.zepto.test.HomePageTest" name="Login" time="9.15"/>
</testsuite> <!-- Home Page Tests -->
