<?xml version="1.0" encoding="UTF-8"?>
<!-- Generated by org.testng.reporters.JUnitXMLReporter -->
<testsuite ignored="0" hostname="RagavSindhu" failures="0" tests="4" name="Search Page Test" time="22.005" errors="0" timestamp="2026-02-04T12:33:48 IST">
  <testcase classname="com.qa.zepto.test.SearchPageTest" name="GetSearchPageURL" time="0.002"/>
  <testcase classname="com.qa.zepto.test.SearchPageTest" name="SearchCall" time="2.068"/>
  <testcase classname="com.qa.zepto.test.SearchPageTest" name="SearchCall" time="2.021"/>
  <testcase classname="com.qa.zepto.test.SearchPageTest" name="SearchCall" time="2.026"/>
</testsuite> <!-- Search Page Test -->
